<!DOCTYPE html PUBLIC "-//W3C//DTD XHTML 1.1//EN" "http://www.w3.org/TR/xhtml11/DTD/xhtml11.dtd">
<html xmlns="http://www.w3.org/1999/xhtml"><head><title>TestNG Report</title><style type="text/css">table {margin-bottom:10px;border-collapse:collapse;empty-cells:show}th,td {border:1px solid #009;padding:.25em .5em}th {vertical-align:bottom}td {vertical-align:top}table a {font-weight:bold}.stripe td {background-color: #E6EBF9}.num {text-align:right}.passedodd td {background-color: #3F3}.passedeven td {background-color: #0A0}.skippedodd td {background-color: #DDD}.skippedeven td {background-color: #CCC}.failedodd td,.attn {background-color: #F33}.failedeven td,.stripe .attn {background-color: #D00}.stacktrace {white-space:pre;font-family:monospace}.totop {font-size:85%;text-align:center;border-bottom:2px solid #000}</style></head><body><table><tr><th>Test</th><th># Passed</th><th># Skipped</th><th># Failed</th><th>Time (ms)</th><th>Included Groups</th><th>Excluded Groups</th></tr><tr><th colspan="7">Suite</th></tr><tr><td><a href="#t0">Test</a></td><td class="num">2</td><td class="num">0</td><td class="num attn">2</td><td class="num">332,191</td><td></td><td></td></tr></table><table><thead><tr><th>Class</th><th>Method</th><th>Start</th><th>Time (ms)</th></tr></thead><tbody><tr><th colspan="4">Suite</th></tr></tbody><tbody id="t0"><tr><th colspan="4">Test &#8212; failed</th></tr><tr class="failedeven"><td rowspan="2">testng.starbucksTest</td><td><a href="#m0">starbucks</a></td><td rowspan="2">1450108230517</td><td rowspan="2">137283</td></tr><tr class="failedeven"><td><a href="#m1">starbucks</a></td></tr><tr><th colspan="4">Test &#8212; passed</th></tr><tr class="passedeven"><td rowspan="2">testng.starbucksTest</td><td><a href="#m2">starbucks</a></td><td rowspan="2">1450108255690</td><td rowspan="2">46461</td></tr><tr class="passedeven"><td><a href="#m3">starbucks</a></td></tr></tbody></table><h2>Test</h2><h3 id="m0">testng.starbucksTest#starbucks</h3><table class="result"><tr class="param"><th>Parameter #1</th></tr><tr class="param stripe"><td>false</td></tr><tr><th>Messages</th></tr><tr><td><div class="messages">Test failed: Failed to execute command text select: Needle not found for expected value: &quot;STORES&quot;
Command duration or timeout: 61.94 seconds
Build info: version: &apos;2.45.0&apos;, revision: &apos;5017cb8e7ca8e37638dc3091b2440b90a1d8686f&apos;, time: &apos;2015-02-27 09:10:26&apos;
System info: host: &apos;WIN-FFOHRV9Q2T4&apos;, ip: &apos;192.168.222.191&apos;, os.name: &apos;Windows 8.1&apos;, os.arch: &apos;amd64&apos;, os.version: &apos;6.3&apos;, java.version: &apos;1.7.0_79&apos;
Session ID: 54d842fd-9d56-41dd-83ef-04f09c9b8c5f
Driver info: org.openqa.selenium.remote.RemoteWebDriver
Capabilities [{platform=ANY, scriptName=RemoteWebDriver, model=iPhone-5, windTunnelPersona=Georgia, javascriptEnabled=true, host=performance.perfectomobile.com, browserName=MobileOS, executionId=amirr@perfectomobile.com_RemoteWebDriver_15-12-14_15_49_50_514, rotatable=true, locationContextEnabled=true, webdriver.remote.sessionid=54d842fd-9d56-41dd-83ef-04f09c9b8c5f, password=, version=, cssSelectorsEnabled=true, deviceName=9969D14B461147730C223BF7D7260C07B1BCF84C, description=amirr, reportKey=PRIVATE:RemoteWebDriver/RemoteWebDriver_15-12-14_15_49_50_514.xml, user=, takesScreenshot=true}].<br/>Resource name: iPhone-5 amirr.<br/>Error screenshot saved in file: C:\Users\Shirk\Desktop\Selenium\workspace\WTDemo\test-output\screenshots2015-12-14-18-52-47-794-MSK.png<br/>&lt;br&gt; &lt;img src=C:\Users\Shirk\Desktop\Selenium\workspace\WTDemo\test-output\screenshots2015-12-14-18-52-47-794-MSK.png style=&quot;max-width:50%;max-height:50%&quot; /&gt; &lt;br&gt;</div></td></tr><tr><th>Exception</th></tr><tr><td><div class="stacktrace">java.lang.AssertionError: null
	at com.perfectomobile.test.BasicTest.reportFailWithMessage(BasicTest.java:321)
	at testng.starbucksTest.starbucks(starbucksTest.java:107)
	at java.util.concurrent.ThreadPoolExecutor.runWorker(Unknown Source)
	at java.util.concurrent.ThreadPoolExecutor$Worker.run(Unknown Source)
	at java.lang.Thread.run(Unknown Source)
... Removed 12 stack frames</div></td></tr></table><p class="totop"><a href="#summary">back to summary</a></p><h3 id="m1">testng.starbucksTest#starbucks</h3><table class="result"><tr class="param"><th>Parameter #1</th></tr><tr class="param stripe"><td>false</td></tr><tr><th>Messages</th></tr><tr><td><div class="messages">Test failed: Failed to execute command text select: Needle not found for expected value: &quot;STORES&quot;
Command duration or timeout: 64.71 seconds
Build info: version: &apos;2.45.0&apos;, revision: &apos;5017cb8e7ca8e37638dc3091b2440b90a1d8686f&apos;, time: &apos;2015-02-27 09:10:26&apos;
System info: host: &apos;WIN-FFOHRV9Q2T4&apos;, ip: &apos;192.168.222.191&apos;, os.name: &apos;Windows 8.1&apos;, os.arch: &apos;amd64&apos;, os.version: &apos;6.3&apos;, java.version: &apos;1.7.0_79&apos;
Session ID: 54d842fd-9d56-41dd-83ef-04f09c9b8c5f
Driver info: org.openqa.selenium.remote.RemoteWebDriver
Capabilities [{platform=ANY, scriptName=RemoteWebDriver, model=iPhone-5, windTunnelPersona=Georgia, javascriptEnabled=true, host=performance.perfectomobile.com, browserName=MobileOS, executionId=amirr@perfectomobile.com_RemoteWebDriver_15-12-14_15_49_50_514, rotatable=true, locationContextEnabled=true, webdriver.remote.sessionid=54d842fd-9d56-41dd-83ef-04f09c9b8c5f, password=, version=, cssSelectorsEnabled=true, deviceName=9969D14B461147730C223BF7D7260C07B1BCF84C, description=amirr, reportKey=PRIVATE:RemoteWebDriver/RemoteWebDriver_15-12-14_15_49_50_514.xml, user=, takesScreenshot=true}].<br/>Resource name: iPhone-5 amirr.<br/>Error screenshot saved in file: C:\Users\Shirk\Desktop\Selenium\workspace\WTDemo\test-output\screenshots2015-12-14-18-55-11-329-MSK.png<br/>&lt;br&gt; &lt;img src=C:\Users\Shirk\Desktop\Selenium\workspace\WTDemo\test-output\screenshots2015-12-14-18-55-11-329-MSK.png style=&quot;max-width:50%;max-height:50%&quot; /&gt; &lt;br&gt;</div></td></tr><tr><th>Exception</th></tr><tr><td><div class="stacktrace">java.lang.AssertionError: null
	at com.perfectomobile.test.BasicTest.reportFailWithMessage(BasicTest.java:321)
	at testng.starbucksTest.starbucks(starbucksTest.java:107)
	at java.util.concurrent.ThreadPoolExecutor.runWorker(Unknown Source)
	at java.util.concurrent.ThreadPoolExecutor$Worker.run(Unknown Source)
	at java.lang.Thread.run(Unknown Source)
... Removed 12 stack frames</div></td></tr></table><p class="totop"><a href="#summary">back to summary</a></p><h3 id="m2">testng.starbucksTest#starbucks</h3><table class="result"><tr class="param"><th>Parameter #1</th></tr><tr class="param stripe"><td>false</td></tr><tr><th>Messages</th></tr><tr><td><div class="messages">Test passed: NavigateToStore.<br/>Resource name: iPhone-6 amirr.<br/>Screenshot saved in file: C:\Users\Shirk\Desktop\Selenium\workspace\WTDemo\test-output\screenshots2015-12-14-18-51-41-864-MSK.png<br/>&lt;br&gt; &lt;img src=C:\Users\Shirk\Desktop\Selenium\workspace\WTDemo\test-output\screenshots2015-12-14-18-51-41-864-MSK.png style=&quot;max-width:50%;max-height:50%&quot; /&gt; &lt;br&gt;</div></td></tr></table><p class="totop"><a href="#summary">back to summary</a></p><h3 id="m3">testng.starbucksTest#starbucks</h3><table class="result"><tr class="param"><th>Parameter #1</th></tr><tr class="param stripe"><td>false</td></tr><tr><th>Messages</th></tr><tr><td><div class="messages">Test passed: NavigateToStore.<br/>Resource name: iPhone-6 amirr.<br/>Screenshot saved in file: C:\Users\Shirk\Desktop\Selenium\workspace\WTDemo\test-output\screenshots2015-12-14-18-50-55-381-MSK.png<br/>&lt;br&gt; &lt;img src=C:\Users\Shirk\Desktop\Selenium\workspace\WTDemo\test-output\screenshots2015-12-14-18-50-55-381-MSK.png style=&quot;max-width:50%;max-height:50%&quot; /&gt; &lt;br&gt;</div></td></tr></table><p class="totop"><a href="#summary">back to summary</a></p></body></html>